#
# A fatal error has been detected by the Java Runtime Environment:
#
#  SIGBUS (0x7) at pc=0x00007f270267efe2, pid=19386, tid=139805575874304
#
# JRE version: OpenJDK Runtime Environment (7.0_85-b01) (build 1.7.0_85-b01)
# Java VM: OpenJDK 64-Bit Server VM (24.85-b03 mixed mode linux-amd64 compressed oops)
# Derivative: IcedTea 2.6.1
# Distribution: Ubuntu 12.04 LTS, package 7u85-2.6.1-5ubuntu0.12.04.1
# Problematic frame:
# C  [libzip.so+0x4fe2]
#
# Failed to write core dump. Core dumps have been disabled. To enable core dumping, try "ulimit -c unlimited" before starting Java again
#
# If you would like to submit a bug report, please include
# instructions on how to reproduce the bug and visit:
#   http://icedtea.classpath.org/bugzilla
# The crash happened outside the Java Virtual Machine in native code.
# See problematic frame for where to report the bug.
#

---------------  T H R E A D  ---------------

Current thread (0x00007f26fc00a000):  JavaThread "main" [_thread_in_native, id=19387, stack(0x00007f2705a00000,0x00007f2705b01000)]

siginfo:si_signo=SIGBUS: si_errno=0, si_code=2 (BUS_ADRERR), si_addr=0x00007f26f1777274

Registers:
RAX=0x00007f26fc3c1800, RBX=0x00007f26fc3c1800, RCX=0x00007f26fc000040, RDX=0x00007f26fc000020
RSP=0x00007f2705afc9d0, RBP=0x00007f2705afca20, RSI=0x00007f26fc000038, RDI=0x0000000000000003
R8 =0x0000000000000000, R9 =0x0000000000000c03, R10=0x00007f26f90127cc, R11=0x0000000000001f7a
R12=0x00007f26fc21d0d0, R13=0x00007f26f1777257, R14=0x00007f2705afca90, R15=0x0000000000000031
RIP=0x00007f270267efe2, EFLAGS=0x0000000000010202, CSGSFS=0x0000000000000033, ERR=0x0000000000000004
  TRAPNO=0x000000000000000e

Top of Stack: (sp=0x00007f2705afc9d0)
0x00007f2705afc9d0:   00007f2705afd090 00000000046912c9
0x00007f2705afc9e0:   00007f26fc00a000 00007f2705afca90
0x00007f2705afc9f0:   00007f26fc21d0d0 00007f26fc262f40
0x00007f2705afca00:   00007f26fc21d0d0 000000007a1ac49f
0x00007f2705afca10:   00007f2705afca90 0000000000000031
0x00007f2705afca20:   00007f2705afca70 00007f270267fdef
0x00007f2705afca30:   00007f26fc00a000 00007f26fc35a1e0
0x00007f2705afca40:   00007f2705afca70 00007f2705afca90
0x00007f2705afca50:   00007f26fc00a1d8 0000000000000031
0x00007f2705afca60:   00007f2705afcf68 00007f2705afca90
0x00007f2705afca70:   00007f2705afced0 00007f270267d974
0x00007f2705afca80:   01007f2700000000 00007f26fc21d0d0
0x00007f2705afca90:   636170612f67726f 65637265782f6568
0x00007f2705afcaa0:   61702f696e782f73 4c4d582f72657372
0x00007f2705afcab0:   756f537475706e49 73616c632e656372
0x00007f2705afcac0:   0000000000000073 0000000000000000
0x00007f2705afcad0:   00007f2705afcb30 0000000000000000
0x00007f2705afcae0:   000000000000052a 0000000a00000000
0x00007f2705afcaf0:   00007f2705afd160 00007f2700000000
0x00007f2705afcb00:   0000000000000003 00007f2705afcf64
0x00007f2705afcb10:   ffffffffffffffff 00007f270537d77c
0x00007f2705afcb20:   00007f27048830f8 00007f270487c9fe
0x00007f2705afcb30:   0000000000000000 0000000000000020
0x00007f2705afcb40:   00007f2705afcf68 0000000000000064
0x00007f2705afcb50:   00007f270537ff73 0000000000000000
0x00007f2705afcb60:   0003000100001c00 0000000000000000
0x00007f2705afcb70:   00007f270487c9f0 0000000000000002
0x00007f2705afcb80:   00007f2705afcc20 0000000000000000
0x00007f2705afcb90:   0000000000000000 0000000000000000
0x00007f2705afcba0:   00007f26fc3bbc00 0000000000000000
0x00007f2705afcbb0:   00007f2700000000 0000000000000000
0x00007f2705afcbc0:   00007f2700000000 00000000ffffffff 

Instructions: (pc=0x00007f270267efe2)
0x00007f270267efc2:   41 8b 74 24 48 b9 a0 00 00 00 49 8b 7c 24 10 e8
0x00007f270267efd2:   8a fe ff ff 49 89 c5 4d 85 ed 0f 84 7e 03 00 00
0x00007f270267efe2:   41 0f b6 55 1d 41 0f b6 45 1c 41 0f b6 4d 0d 41
0x00007f270267eff2:   0f b6 75 0e 45 0f b6 7d 1f c1 e2 08 09 c2 41 0f 

Register to memory mapping:

RAX=0x00007f26fc3c1800 is an unknown value
RBX=0x00007f26fc3c1800 is an unknown value
RCX=0x00007f26fc000040 is an unknown value
RDX=0x00007f26fc000020 is an unknown value
RSP=0x00007f2705afc9d0 is pointing into the stack for thread: 0x00007f26fc00a000
RBP=0x00007f2705afca20 is pointing into the stack for thread: 0x00007f26fc00a000
RSI=0x00007f26fc000038 is an unknown value
RDI=0x0000000000000003 is an unknown value
R8 =0x0000000000000000 is an unknown value
R9 =0x0000000000000c03 is an unknown value
R10=0x00007f26f90127cc is at code_begin+620 in an Interpreter codelet
method entry point (kind = native)  [0x00007f26f9012560, 0x00007f26f9012dc0]  2144 bytes
R11=0x0000000000001f7a is an unknown value
R12=0x00007f26fc21d0d0 is an unknown value
R13=0x00007f26f1777257 is an unknown value
R14=0x00007f2705afca90 is pointing into the stack for thread: 0x00007f26fc00a000
R15=0x0000000000000031 is an unknown value


Stack: [0x00007f2705a00000,0x00007f2705b01000],  sp=0x00007f2705afc9d0,  free space=1010k
Native frames: (J=compiled Java code, j=interpreted, Vv=VM code, C=native code)
C  [libzip.so+0x4fe2]
C  [libzip.so+0x5def]  ZIP_GetEntry+0xcf
C  [libzip.so+0x3974]  Java_java_util_zip_ZipFile_getEntry+0xb4
j  java.util.zip.ZipFile.getEntry(J[BZ)J+0
j  java.util.zip.ZipFile.getEntry(Ljava/lang/String;)Ljava/util/zip/ZipEntry;+38
j  java.util.jar.JarFile.getEntry(Ljava/lang/String;)Ljava/util/zip/ZipEntry;+2
j  java.util.jar.JarFile.getJarEntry(Ljava/lang/String;)Ljava/util/jar/JarEntry;+2
j  sun.misc.URLClassPath$JarLoader.getResource(Ljava/lang/String;Z)Lsun/misc/Resource;+48
j  sun.misc.URLClassPath.getResource(Ljava/lang/String;Z)Lsun/misc/Resource;+53
j  java.net.URLClassLoader$1.run()Ljava/lang/Class;+26
j  java.net.URLClassLoader$1.run()Ljava/lang/Object;+1
v  ~StubRoutines::call_stub
V  [libjvm.so+0x5e105f]  JavaCalls::call_helper(JavaValue*, methodHandle*, JavaCallArguments*, Thread*)+0x56f
V  [libjvm.so+0x5e08d5]  JavaCalls::call(JavaValue*, methodHandle, JavaCallArguments*, Thread*)+0x25
V  [libjvm.so+0x61be43]  JVM_DoPrivileged+0x253
j  java.security.AccessController.doPrivileged(Ljava/security/PrivilegedExceptionAction;Ljava/security/AccessControlContext;)Ljava/lang/Object;+0
j  java.net.URLClassLoader.findClass(Ljava/lang/String;)Ljava/lang/Class;+13
j  java.lang.ClassLoader.loadClass(Ljava/lang/String;Z)Ljava/lang/Class;+70
j  sun.misc.Launcher$AppClassLoader.loadClass(Ljava/lang/String;Z)Ljava/lang/Class;+36
j  java.lang.ClassLoader.loadClass(Ljava/lang/String;)Ljava/lang/Class;+3
v  ~StubRoutines::call_stub
V  [libjvm.so+0x5e105f]  JavaCalls::call_helper(JavaValue*, methodHandle*, JavaCallArguments*, Thread*)+0x56f
V  [libjvm.so+0x5dffc5]  JavaCalls::call_virtual(JavaValue*, KlassHandle, Symbol*, Symbol*, JavaCallArguments*, Thread*)+0x1e5
V  [libjvm.so+0x5e008b]  JavaCalls::call_virtual(JavaValue*, Handle, KlassHandle, Symbol*, Symbol*, Handle, Thread*)+0x5b
V  [libjvm.so+0x8b0411]  SystemDictionary::load_instance_class(Symbol*, Handle, Thread*)+0x491
V  [libjvm.so+0x8ae904]  SystemDictionary::resolve_instance_class_or_null(Symbol*, Handle, Handle, Thread*)+0x5f4
V  [libjvm.so+0x8b08e3]  SystemDictionary::resolve_or_fail(Symbol*, Handle, Handle, bool, Thread*)+0x33
V  [libjvm.so+0x48352b]  constantPoolOopDesc::klass_at_impl(constantPoolHandle, int, Thread*)+0x1fb
V  [libjvm.so+0x5d435f]  InterpreterRuntime::_new(JavaThread*, constantPoolOopDesc*, int)+0x6f
j  org.apache.xerces.parsers.DOMParser.parse(Lorg/xml/sax/InputSource;)V+0
j  org.apache.xerces.jaxp.DocumentBuilderImpl.parse(Lorg/xml/sax/InputSource;)Lorg/w3c/dom/Document;+57
j  java.util.XMLUtils.getLoadingDoc(Ljava/io/InputStream;)Lorg/w3c/dom/Document;+64
j  java.util.XMLUtils.load(Ljava/util/Properties;Ljava/io/InputStream;)V+3
j  java.util.Properties.loadFromXML(Ljava/io/InputStream;)V+14
j  com.hp.hpl.jena.util.Metadata.read(Ljava/util/Properties;Ljava/lang/String;)V+43
j  com.hp.hpl.jena.util.Metadata.addMetadata(Ljava/lang/String;)V+16
j  com.hp.hpl.jena.util.Metadata.<init>(Ljava/lang/String;)V+6
j  com.hp.hpl.jena.JenaRuntime.<clinit>()V+12
v  ~StubRoutines::call_stub
V  [libjvm.so+0x5e105f]  JavaCalls::call_helper(JavaValue*, methodHandle*, JavaCallArguments*, Thread*)+0x56f
V  [libjvm.so+0x5e08d5]  JavaCalls::call(JavaValue*, methodHandle, JavaCallArguments*, Thread*)+0x25
V  [libjvm.so+0x59f55c]  instanceKlass::call_class_initializer_impl(instanceKlassHandle, Thread*)+0xbc
V  [libjvm.so+0x59f5a5]  instanceKlass::call_class_initializer(Thread*)+0x25
V  [libjvm.so+0x59f758]  instanceKlass::initialize_impl(instanceKlassHandle, Thread*)+0x1a8
V  [libjvm.so+0x59fbe9]  instanceKlass::initialize(Thread*)+0x49
V  [libjvm.so+0x6e3816]  LinkResolver::resolve_static_call(CallInfo&, KlassHandle&, Symbol*, Symbol*, KlassHandle, bool, bool, Thread*) [clone .constprop.100]+0x116
V  [libjvm.so+0x6e93d4]  LinkResolver::resolve_invoke(CallInfo&, Handle, constantPoolHandle, int, Bytecodes::Code, Thread*)+0x194
V  [libjvm.so+0x5d7e5d]  InterpreterRuntime::resolve_invoke(JavaThread*, Bytecodes::Code)+0x2cd
j  com.hp.hpl.jena.util.LocationMapper.getGlobalConfigPath()Ljava/lang/String;+9
j  com.hp.hpl.jena.util.LocationMapper.get()Lcom/hp/hpl/jena/util/LocationMapper;+16
j  com.hp.hpl.jena.util.FileManager.makeGlobal()Lcom/hp/hpl/jena/util/FileManager;+4
j  com.hp.hpl.jena.util.FileManager.get()Lcom/hp/hpl/jena/util/FileManager;+6
j  com.hp.hpl.jena.query.QueryFactory.read(Ljava/lang/String;Lcom/hp/hpl/jena/util/FileManager;Ljava/lang/String;Lcom/hp/hpl/jena/query/Syntax;)Lcom/hp/hpl/jena/query/Query;+4
j  com.hp.hpl.jena.query.QueryFactory.read(Ljava/lang/String;)Lcom/hp/hpl/jena/query/Query;+4
j  queryTranslator.Translator.translateQuery()V+19
j  queryTranslator.run.Main.main([Ljava/lang/String;)V+201
v  ~StubRoutines::call_stub
V  [libjvm.so+0x5e105f]  JavaCalls::call_helper(JavaValue*, methodHandle*, JavaCallArguments*, Thread*)+0x56f
V  [libjvm.so+0x5e08d5]  JavaCalls::call(JavaValue*, methodHandle, JavaCallArguments*, Thread*)+0x25
V  [libjvm.so+0x5ec9de]  jni_invoke_static(JNIEnv_*, JavaValue*, _jobject*, JNICallType, _jmethodID*, JNI_ArgumentPusher*, Thread*) [clone .isra.127] [clone .constprop.162]+0x1fe
V  [libjvm.so+0x5f663a]  jni_CallStaticVoidMethod+0x12a
C  [libjli.so+0x2fab]

Java frames: (J=compiled Java code, j=interpreted, Vv=VM code)
j  java.util.zip.ZipFile.getEntry(J[BZ)J+0
j  java.util.zip.ZipFile.getEntry(Ljava/lang/String;)Ljava/util/zip/ZipEntry;+38
j  java.util.jar.JarFile.getEntry(Ljava/lang/String;)Ljava/util/zip/ZipEntry;+2
j  java.util.jar.JarFile.getJarEntry(Ljava/lang/String;)Ljava/util/jar/JarEntry;+2
j  sun.misc.URLClassPath$JarLoader.getResource(Ljava/lang/String;Z)Lsun/misc/Resource;+48
j  sun.misc.URLClassPath.getResource(Ljava/lang/String;Z)Lsun/misc/Resource;+53
j  java.net.URLClassLoader$1.run()Ljava/lang/Class;+26
j  java.net.URLClassLoader$1.run()Ljava/lang/Object;+1
v  ~StubRoutines::call_stub
j  java.security.AccessController.doPrivileged(Ljava/security/PrivilegedExceptionAction;Ljava/security/AccessControlContext;)Ljava/lang/Object;+0
j  java.net.URLClassLoader.findClass(Ljava/lang/String;)Ljava/lang/Class;+13
j  java.lang.ClassLoader.loadClass(Ljava/lang/String;Z)Ljava/lang/Class;+70
j  sun.misc.Launcher$AppClassLoader.loadClass(Ljava/lang/String;Z)Ljava/lang/Class;+36
j  java.lang.ClassLoader.loadClass(Ljava/lang/String;)Ljava/lang/Class;+3
v  ~StubRoutines::call_stub
j  org.apache.xerces.parsers.DOMParser.parse(Lorg/xml/sax/InputSource;)V+0
j  org.apache.xerces.jaxp.DocumentBuilderImpl.parse(Lorg/xml/sax/InputSource;)Lorg/w3c/dom/Document;+57
j  java.util.XMLUtils.getLoadingDoc(Ljava/io/InputStream;)Lorg/w3c/dom/Document;+64
j  java.util.XMLUtils.load(Ljava/util/Properties;Ljava/io/InputStream;)V+3
j  java.util.Properties.loadFromXML(Ljava/io/InputStream;)V+14
j  com.hp.hpl.jena.util.Metadata.read(Ljava/util/Properties;Ljava/lang/String;)V+43
j  com.hp.hpl.jena.util.Metadata.addMetadata(Ljava/lang/String;)V+16
j  com.hp.hpl.jena.util.Metadata.<init>(Ljava/lang/String;)V+6
j  com.hp.hpl.jena.JenaRuntime.<clinit>()V+12
v  ~StubRoutines::call_stub
j  com.hp.hpl.jena.util.LocationMapper.getGlobalConfigPath()Ljava/lang/String;+9
j  com.hp.hpl.jena.util.LocationMapper.get()Lcom/hp/hpl/jena/util/LocationMapper;+16
j  com.hp.hpl.jena.util.FileManager.makeGlobal()Lcom/hp/hpl/jena/util/FileManager;+4
j  com.hp.hpl.jena.util.FileManager.get()Lcom/hp/hpl/jena/util/FileManager;+6
j  com.hp.hpl.jena.query.QueryFactory.read(Ljava/lang/String;Lcom/hp/hpl/jena/util/FileManager;Ljava/lang/String;Lcom/hp/hpl/jena/query/Syntax;)Lcom/hp/hpl/jena/query/Query;+4
j  com.hp.hpl.jena.query.QueryFactory.read(Ljava/lang/String;)Lcom/hp/hpl/jena/query/Query;+4
j  queryTranslator.Translator.translateQuery()V+19
j  queryTranslator.run.Main.main([Ljava/lang/String;)V+201
v  ~StubRoutines::call_stub

---------------  P R O C E S S  ---------------

Java Threads: ( => current thread )
  0x00007f26fc1fe000 JavaThread "Service Thread" daemon [_thread_blocked, id=19402, stack(0x00007f26f189e000,0x00007f26f199f000)]
  0x00007f26fc1fc000 JavaThread "C2 CompilerThread1" daemon [_thread_blocked, id=19401, stack(0x00007f26f199f000,0x00007f26f1aa0000)]
  0x00007f26fc1f9000 JavaThread "C2 CompilerThread0" daemon [_thread_blocked, id=19400, stack(0x00007f26f1aa0000,0x00007f26f1ba1000)]
  0x00007f26fc1f6800 JavaThread "Signal Dispatcher" daemon [_thread_blocked, id=19399, stack(0x00007f26f1ba1000,0x00007f26f1ca2000)]
  0x00007f26fc1cb800 JavaThread "Finalizer" daemon [_thread_blocked, id=19398, stack(0x00007f26f20e8000,0x00007f26f21e9000)]
  0x00007f26fc1c9800 JavaThread "Reference Handler" daemon [_thread_blocked, id=19397, stack(0x00007f26f21e9000,0x00007f26f22ea000)]
=>0x00007f26fc00a000 JavaThread "main" [_thread_in_native, id=19387, stack(0x00007f2705a00000,0x00007f2705b01000)]

Other Threads:
  0x00007f26fc1c5000 VMThread [stack: 0x00007f26f22ea000,0x00007f26f23eb000] [id=19396]
  0x00007f26fc209000 WatcherThread [stack: 0x00007f26f179d000,0x00007f26f189e000] [id=19403]

VM state:not at safepoint (normal execution)

VM Mutex/Monitor currently owned by a thread: None

Heap
 PSYoungGen      total 150528K, used 12909K [0x0000000758680000, 0x0000000762e80000, 0x0000000800000000)
  eden space 129024K, 10% used [0x0000000758680000,0x000000075931b7d0,0x0000000760480000)
  from space 21504K, 0% used [0x0000000761980000,0x0000000761980000,0x0000000762e80000)
  to   space 21504K, 0% used [0x0000000760480000,0x0000000760480000,0x0000000761980000)
 ParOldGen       total 343040K, used 0K [0x0000000609400000, 0x000000061e300000, 0x0000000758680000)
  object space 343040K, 0% used [0x0000000609400000,0x0000000609400000,0x000000061e300000)
 PSPermGen       total 21504K, used 6912K [0x00000005fee00000, 0x0000000600300000, 0x0000000609400000)
  object space 21504K, 32% used [0x00000005fee00000,0x00000005ff4c0028,0x0000000600300000)

Card table byte_map: [0x00007f2701670000,0x00007f270267a000] byte_map_base: 0x00007f26fe679000

Polling page: 0x00007f2705b20000

Code Cache  [0x00007f26f9000000, 0x00007f26f9270000, 0x00007f26fc000000)
 total_blobs=272 nmethods=36 adapters=191 free_code_cache=48682Kb largest_free_block=49829952

Compilation events (10 events):
Event: 0,288 Thread 0x00007f26fc1f9000 nmethod 32 0x00007f26f9071450 code [0x00007f26f90715a0, 0x00007f26f90717f8]
Event: 0,288 Thread 0x00007f26fc1f9000   33             java.lang.String::length (6 bytes)
Event: 0,289 Thread 0x00007f26fc1f9000 nmethod 33 0x00007f26f906e190 code [0x00007f26f906e2c0, 0x00007f26f906e338]
Event: 0,289 Thread 0x00007f26fc1f9000   34 %           java.lang.String::replace @ 78 (127 bytes)
Event: 0,292 Thread 0x00007f26fc1f9000 nmethod 34% 0x00007f26f9072f10 code [0x00007f26f9073080, 0x00007f26f90733f8]
Event: 0,293 Thread 0x00007f26fc1f9000   35             java.lang.String::replace (127 bytes)
Event: 0,294 Thread 0x00007f26fc1fc000 nmethod 22 0x00007f26f9077d10 code [0x00007f26f9077fa0, 0x00007f26f9079520]
Event: 0,299 Thread 0x00007f26fc1fc000   36             sun.net.www.ParseUtil::encodePath (336 bytes)
Event: 0,300 Thread 0x00007f26fc1f9000 nmethod 35 0x00007f26f9072790 code [0x00007f26f90728e0, 0x00007f26f9072d78]
Event: 0,305 Thread 0x00007f26fc1fc000 nmethod 36 0x00007f26f9075090 code [0x00007f26f9075240, 0x00007f26f90758f8]

GC Heap History (0 events):
No events

Deoptimization events (6 events):
Event: 0,134 Thread 0x00007f26fc00a000 Uncommon trap: reason=unstable_if action=reinterpret pc=0x00007f26f9063c2c method=java.lang.String.hashCode()I @ 14
Event: 0,167 Thread 0x00007f26fc00a000 Uncommon trap: reason=class_check action=maybe_recompile pc=0x00007f26f9064f20 method=java.util.Properties$LineReader.readLine()I @ 62
Event: 0,167 Thread 0x00007f26fc00a000 Uncommon trap: reason=class_check action=maybe_recompile pc=0x00007f26f9064f20 method=java.util.Properties$LineReader.readLine()I @ 62
Event: 0,167 Thread 0x00007f26fc00a000 Uncommon trap: reason=class_check action=maybe_recompile pc=0x00007f26f9064f20 method=java.util.Properties$LineReader.readLine()I @ 62
Event: 0,196 Thread 0x00007f26fc00a000 Uncommon trap: reason=unstable_if action=reinterpret pc=0x00007f26f9064e50 method=java.util.Properties$LineReader.readLine()I @ 369
Event: 0,246 Thread 0x00007f26fc00a000 Uncommon trap: reason=unstable_if action=reinterpret pc=0x00007f26f906d9b8 method=java.lang.String.replace(CC)Ljava/lang/String; @ 26

Internal exceptions (10 events):
Event: 0,346 Thread 0x00007f26fc00a000 Threw 0x00000007590a6e68 at /build/openjdk-7-OZcLmU/openjdk-7-7u85-2.6.1/build/openjdk/hotspot/src/share/vm/prims/jvm.cpp:1322
Event: 0,347 Thread 0x00007f26fc00a000 Threw 0x00000007590a9f88 at /build/openjdk-7-OZcLmU/openjdk-7-7u85-2.6.1/build/openjdk/hotspot/src/share/vm/prims/jvm.cpp:1322
Event: 0,347 Thread 0x00007f26fc00a000 Threw 0x00000007590ad2c8 at /build/openjdk-7-OZcLmU/openjdk-7-7u85-2.6.1/build/openjdk/hotspot/src/share/vm/prims/jvm.cpp:1322
Event: 0,347 Thread 0x00007f26fc00a000 Threw 0x00000007590b05c0 at /build/openjdk-7-OZcLmU/openjdk-7-7u85-2.6.1/build/openjdk/hotspot/src/share/vm/prims/jvm.cpp:1322
Event: 0,348 Thread 0x00007f26fc00a000 Threw 0x00000007590b6398 at /build/openjdk-7-OZcLmU/openjdk-7-7u85-2.6.1/build/openjdk/hotspot/src/share/vm/prims/jvm.cpp:1322
Event: 0,349 Thread 0x00007f26fc00a000 Threw 0x00000007590bb510 at /build/openjdk-7-OZcLmU/openjdk-7-7u85-2.6.1/build/openjdk/hotspot/src/share/vm/prims/jvm.cpp:1322
Event: 0,350 Thread 0x00007f26fc00a000 Threw 0x00000007590bef00 at /build/openjdk-7-OZcLmU/openjdk-7-7u85-2.6.1/build/openjdk/hotspot/src/share/vm/prims/jvm.cpp:1322
Event: 0,350 Thread 0x00007f26fc00a000 Threw 0x00000007590c2fc0 at /build/openjdk-7-OZcLmU/openjdk-7-7u85-2.6.1/build/openjdk/hotspot/src/share/vm/prims/jvm.cpp:1322
Event: 0,351 Thread 0x00007f26fc00a000 Threw 0x00000007590c69e8 at /build/openjdk-7-OZcLmU/openjdk-7-7u85-2.6.1/build/openjdk/hotspot/src/share/vm/prims/jvm.cpp:1322
Event: 0,351 Thread 0x00007f26fc00a000 Threw 0x00000007590c96a0 at /build/openjdk-7-OZcLmU/openjdk-7-7u85-2.6.1/build/openjdk/hotspot/src/share/vm/prims/jvm.cpp:1322

Events (10 events):
Event: 0,350 loading class 0x00007f26fc351ba0
Event: 0,350 loading class 0x00007f26fc351ba0 done
Event: 0,351 loading class 0x00007f26fc3ae9e0
Event: 0,351 loading class 0x00007f26fc3ae9e0 done
Event: 0,351 loading class 0x00007f269806fa00
Event: 0,351 loading class 0x00007f269806fa00 done
Event: 0,351 loading class 0x00007f269806fa20
Event: 0,351 loading class 0x00007f269806fa20 done
Event: 0,351 loading class 0x00007f26fc363ab0
Event: 0,351 loading class 0x00007f26fc363ab0 done


Dynamic libraries:
00400000-00401000 r-xp 00000000 08:03 158007918                          /usr/lib/jvm/java-7-openjdk-amd64/jre/bin/java
00600000-00601000 r--p 00000000 08:03 158007918                          /usr/lib/jvm/java-7-openjdk-amd64/jre/bin/java
00601000-00602000 rw-p 00001000 08:03 158007918                          /usr/lib/jvm/java-7-openjdk-amd64/jre/bin/java
0242e000-0244f000 rw-p 00000000 00:00 0                                  [heap]
5fee00000-600300000 rw-p 00000000 00:00 0 
600300000-609400000 rw-p 00000000 00:00 0 
609400000-61e300000 rw-p 00000000 00:00 0 
61e300000-758680000 rw-p 00000000 00:00 0 
758680000-762e80000 rw-p 00000000 00:00 0 
762e80000-800000000 rw-p 00000000 00:00 0 
7f268c000000-7f268c021000 rw-p 00000000 00:00 0 
7f268c021000-7f2690000000 ---p 00000000 00:00 0 
7f2690000000-7f2690021000 rw-p 00000000 00:00 0 
7f2690021000-7f2694000000 ---p 00000000 00:00 0 
7f2694000000-7f26942a8000 rw-p 00000000 00:00 0 
7f26942a8000-7f2698000000 ---p 00000000 00:00 0 
7f2698000000-7f269821c000 rw-p 00000000 00:00 0 
7f269821c000-7f269c000000 ---p 00000000 00:00 0 
7f269c000000-7f269c021000 rw-p 00000000 00:00 0 
7f269c021000-7f26a0000000 ---p 00000000 00:00 0 
7f26a0000000-7f26a0021000 rw-p 00000000 00:00 0 
7f26a0021000-7f26a4000000 ---p 00000000 00:00 0 
7f26a4000000-7f26a4021000 rw-p 00000000 00:00 0 
7f26a4021000-7f26a8000000 ---p 00000000 00:00 0 
7f26abf70000-7f26bc000000 rw-p 00000000 00:00 0 
7f26bc000000-7f26bc021000 rw-p 00000000 00:00 0 
7f26bc021000-7f26c0000000 ---p 00000000 00:00 0 
7f26c0000000-7f26c0021000 rw-p 00000000 00:00 0 
7f26c0021000-7f26c4000000 ---p 00000000 00:00 0 
7f26c4000000-7f26c4021000 rw-p 00000000 00:00 0 
7f26c4021000-7f26c8000000 ---p 00000000 00:00 0 
7f26cc000000-7f26cc021000 rw-p 00000000 00:00 0 
7f26cc021000-7f26d0000000 ---p 00000000 00:00 0 
7f26d4000000-7f26d4021000 rw-p 00000000 00:00 0 
7f26d4021000-7f26d8000000 ---p 00000000 00:00 0 
7f26dc000000-7f26dc021000 rw-p 00000000 00:00 0 
7f26dc021000-7f26e0000000 ---p 00000000 00:00 0 
7f26e4000000-7f26e4021000 rw-p 00000000 00:00 0 
7f26e4021000-7f26e8000000 ---p 00000000 00:00 0 
7f26ebdc3000-7f26ebdff000 r-xp 00000000 08:03 168689676                  /lib/x86_64-linux-gnu/libpcre.so.3.12.1
7f26ebdff000-7f26ebffe000 ---p 0003c000 08:03 168689676                  /lib/x86_64-linux-gnu/libpcre.so.3.12.1
7f26ebffe000-7f26ebfff000 r--p 0003b000 08:03 168689676                  /lib/x86_64-linux-gnu/libpcre.so.3.12.1
7f26ebfff000-7f26ec000000 rw-p 0003c000 08:03 168689676                  /lib/x86_64-linux-gnu/libpcre.so.3.12.1
7f26ec000000-7f26ec021000 rw-p 00000000 00:00 0 
7f26ec021000-7f26f0000000 ---p 00000000 00:00 0 
7f26f0062000-7f26f01c7000 rw-p 00000000 00:00 0 
7f26f01c7000-7f26f01ce000 r-xp 00000000 08:03 97845261                   /usr/lib/x86_64-linux-gnu/libffi.so.6.0.0
7f26f01ce000-7f26f03cd000 ---p 00007000 08:03 97845261                   /usr/lib/x86_64-linux-gnu/libffi.so.6.0.0
7f26f03cd000-7f26f03ce000 r--p 00006000 08:03 97845261                   /usr/lib/x86_64-linux-gnu/libffi.so.6.0.0
7f26f03ce000-7f26f03cf000 rw-p 00007000 08:03 97845261                   /usr/lib/x86_64-linux-gnu/libffi.so.6.0.0
7f26f03cf000-7f26f03e7000 r-xp 00000000 08:03 168690199                  /lib/x86_64-linux-gnu/libresolv-2.15.so
7f26f03e7000-7f26f05e7000 ---p 00018000 08:03 168690199                  /lib/x86_64-linux-gnu/libresolv-2.15.so
7f26f05e7000-7f26f05e8000 r--p 00018000 08:03 168690199                  /lib/x86_64-linux-gnu/libresolv-2.15.so
7f26f05e8000-7f26f05e9000 rw-p 00019000 08:03 168690199                  /lib/x86_64-linux-gnu/libresolv-2.15.so
7f26f05e9000-7f26f05eb000 rw-p 00000000 00:00 0 
7f26f05eb000-7f26f0608000 r-xp 00000000 08:03 168689804                  /lib/x86_64-linux-gnu/libselinux.so.1
7f26f0608000-7f26f0807000 ---p 0001d000 08:03 168689804                  /lib/x86_64-linux-gnu/libselinux.so.1
7f26f0807000-7f26f0808000 r--p 0001c000 08:03 168689804                  /lib/x86_64-linux-gnu/libselinux.so.1
7f26f0808000-7f26f0809000 rw-p 0001d000 08:03 168689804                  /lib/x86_64-linux-gnu/libselinux.so.1
7f26f0809000-7f26f080a000 rw-p 00000000 00:00 0 
7f26f080a000-7f26f080d000 r-xp 00000000 08:03 97845521                   /usr/lib/x86_64-linux-gnu/libgmodule-2.0.so.0.3200.4
7f26f080d000-7f26f0a0c000 ---p 00003000 08:03 97845521                   /usr/lib/x86_64-linux-gnu/libgmodule-2.0.so.0.3200.4
7f26f0a0c000-7f26f0a0d000 r--p 00002000 08:03 97845521                   /usr/lib/x86_64-linux-gnu/libgmodule-2.0.so.0.3200.4
7f26f0a0d000-7f26f0a0e000 rw-p 00003000 08:03 97845521                   /usr/lib/x86_64-linux-gnu/libgmodule-2.0.so.0.3200.4
7f26f0a0e000-7f26f0b00000 r-xp 00000000 08:03 168689983                  /lib/x86_64-linux-gnu/libglib-2.0.so.0.3200.4
7f26f0b00000-7f26f0d00000 ---p 000f2000 08:03 168689983                  /lib/x86_64-linux-gnu/libglib-2.0.so.0.3200.4
7f26f0d00000-7f26f0d01000 r--p 000f2000 08:03 168689983                  /lib/x86_64-linux-gnu/libglib-2.0.so.0.3200.4
7f26f0d01000-7f26f0d02000 rw-p 000f3000 08:03 168689983                  /lib/x86_64-linux-gnu/libglib-2.0.so.0.3200.4
7f26f0d02000-7f26f0d03000 rw-p 00000000 00:00 0 
7f26f0d03000-7f26f0d50000 r-xp 00000000 08:03 97845579                   /usr/lib/x86_64-linux-gnu/libgobject-2.0.so.0.3200.4
7f26f0d50000-7f26f0f50000 ---p 0004d000 08:03 97845579                   /usr/lib/x86_64-linux-gnu/libgobject-2.0.so.0.3200.4
7f26f0f50000-7f26f0f51000 r--p 0004d000 08:03 97845579                   /usr/lib/x86_64-linux-gnu/libgobject-2.0.so.0.3200.4
7f26f0f51000-7f26f0f52000 rw-p 0004e000 08:03 97845579                   /usr/lib/x86_64-linux-gnu/libgobject-2.0.so.0.3200.4
7f26f0f52000-7f26f109a000 r-xp 00000000 08:03 97845578                   /usr/lib/x86_64-linux-gnu/libgio-2.0.so.0.3200.4
7f26f109a000-7f26f1299000 ---p 00148000 08:03 97845578                   /usr/lib/x86_64-linux-gnu/libgio-2.0.so.0.3200.4
7f26f1299000-7f26f129d000 r--p 00147000 08:03 97845578                   /usr/lib/x86_64-linux-gnu/libgio-2.0.so.0.3200.4
7f26f129d000-7f26f129f000 rw-p 0014b000 08:03 97845578                   /usr/lib/x86_64-linux-gnu/libgio-2.0.so.0.3200.4
7f26f129f000-7f26f12a1000 rw-p 00000000 00:00 0 
7f26f12a1000-7f26f12b8000 r-xp 00000000 08:03 158007973                  /usr/lib/jvm/java-7-openjdk-amd64/jre/lib/amd64/libnet.so
7f26f12b8000-7f26f14b8000 ---p 00017000 08:03 158007973                  /usr/lib/jvm/java-7-openjdk-amd64/jre/lib/amd64/libnet.so
7f26f14b8000-7f26f14b9000 r--p 00017000 08:03 158007973                  /usr/lib/jvm/java-7-openjdk-amd64/jre/lib/amd64/libnet.so
7f26f14b9000-7f26f14ba000 rw-p 00018000 08:03 158007973                  /usr/lib/jvm/java-7-openjdk-amd64/jre/lib/amd64/libnet.so
7f26f14ba000-7f26f14ca000 r-xp 00000000 08:03 158007943                  /usr/lib/jvm/java-7-openjdk-amd64/jre/lib/amd64/libnio.so
7f26f14ca000-7f26f16ca000 ---p 00010000 08:03 158007943                  /usr/lib/jvm/java-7-openjdk-amd64/jre/lib/amd64/libnio.so
7f26f16ca000-7f26f16cb000 r--p 00010000 08:03 158007943                  /usr/lib/jvm/java-7-openjdk-amd64/jre/lib/amd64/libnio.so
7f26f16cb000-7f26f16cc000 rw-p 00011000 08:03 158007943                  /usr/lib/jvm/java-7-openjdk-amd64/jre/lib/amd64/libnio.so
7f26f16cc000-7f26f16d1000 r--s 0004e000 08:03 158007984                  /usr/lib/jvm/java-7-openjdk-amd64/jre/lib/jsse.jar
7f26f16d1000-7f26f178a000 r--s 012fc000 08:03 46203801                   /home/skilevic/S2RDF/S2RDF_yagoTest/trunk/QueryTranslator/S2RDF_QueryTranslator/queryTranslator.jar
7f26f178a000-7f26f178d000 r--s 0000f000 08:03 158007931                  /usr/lib/jvm/java-7-openjdk-amd64/jre/lib/ext/icedtea-sound.jar
7f26f178d000-7f26f1791000 r--s 0003c000 08:03 158007933                  /usr/lib/jvm/java-7-openjdk-amd64/jre/lib/ext/sunpkcs11.jar
7f26f1791000-7f26f1795000 r--s 00034000 08:03 158007932                  /usr/lib/jvm/java-7-openjdk-amd64/jre/lib/ext/sunjce_provider.jar
7f26f1795000-7f26f1797000 r--s 00012000 08:03 158007929                  /usr/lib/jvm/java-7-openjdk-amd64/jre/lib/ext/zipfs.jar
7f26f1797000-7f26f1798000 r--s 00002000 08:03 158007934                  /usr/lib/jvm/java-7-openjdk-amd64/jre/lib/ext/dnsns.jar
7f26f1798000-7f26f1799000 r--s 00007000 08:03 99550461                   /usr/share/java/java-atk-wrapper.jar
7f26f1799000-7f26f179d000 r--s 00085000 08:03 158007930                  /usr/lib/jvm/java-7-openjdk-amd64/jre/lib/ext/localedata.jar
7f26f179d000-7f26f179e000 ---p 00000000 00:00 0 
7f26f179e000-7f26f189e000 rw-p 00000000 00:00 0 
7f26f189e000-7f26f18a1000 ---p 00000000 00:00 0 
7f26f18a1000-7f26f199f000 rw-p 00000000 00:00 0 
7f26f199f000-7f26f19a2000 ---p 00000000 00:00 0 
7f26f19a2000-7f26f1aa0000 rw-p 00000000 00:00 0 
7f26f1aa0000-7f26f1aa3000 ---p 00000000 00:00 0 
7f26f1aa3000-7f26f1ba1000 rw-p 00000000 00:00 0 
7f26f1ba1000-7f26f1ba4000 ---p 00000000 00:00 0 
7f26f1ba4000-7f26f1ca2000 rw-p 00000000 00:00 0 
7f26f1ca2000-7f26f20e8000 r--p 00000000 08:03 98108384                   /usr/lib/locale/locale-archive
7f26f20e8000-7f26f20eb000 ---p 00000000 00:00 0 
7f26f20eb000-7f26f21e9000 rw-p 00000000 00:00 0 
7f26f21e9000-7f26f21ec000 ---p 00000000 00:00 0 
7f26f21ec000-7f26f22ea000 rw-p 00000000 00:00 0 
7f26f22ea000-7f26f22eb000 ---p 00000000 00:00 0 
7f26f22eb000-7f26f4000000 rw-p 00000000 00:00 0 
7f26f4000000-7f26f4021000 rw-p 00000000 00:00 0 
7f26f4021000-7f26f8000000 ---p 00000000 00:00 0 
7f26f8013000-7f26f9000000 rw-p 00000000 00:00 0 
7f26f9000000-7f26f9270000 rwxp 00000000 00:00 0 
7f26f9270000-7f26fc3d7000 rw-p 00000000 00:00 0 
7f26fc3d7000-7f2700000000 ---p 00000000 00:00 0 
7f270002e000-7f2700077000 rw-p 00000000 00:00 0 
7f2700077000-7f2700229000 r--s 01d30000 08:03 158007937                  /usr/lib/jvm/java-7-openjdk-amd64/jre/lib/rt.jar
7f2700229000-7f270039b000 rw-p 00000000 00:00 0 
7f270039b000-7f270039c000 ---p 00000000 00:00 0 
7f270039c000-7f270049c000 rw-p 00000000 00:00 0 
7f270049c000-7f270049d000 ---p 00000000 00:00 0 
7f270049d000-7f270059d000 rw-p 00000000 00:00 0 
7f270059d000-7f270059e000 ---p 00000000 00:00 0 
7f270059e000-7f270069e000 rw-p 00000000 00:00 0 
7f270069e000-7f270069f000 ---p 00000000 00:00 0 
7f270069f000-7f270079f000 rw-p 00000000 00:00 0 
7f270079f000-7f27007a0000 ---p 00000000 00:00 0 
7f27007a0000-7f27008a0000 rw-p 00000000 00:00 0 
7f27008a0000-7f27008a1000 ---p 00000000 00:00 0 
7f27008a1000-7f27009a1000 rw-p 00000000 00:00 0 
7f27009a1000-7f27009a2000 ---p 00000000 00:00 0 
7f27009a2000-7f2700aa2000 rw-p 00000000 00:00 0 
7f2700aa2000-7f2700aa3000 ---p 00000000 00:00 0 
7f2700aa3000-7f2700bae000 rw-p 00000000 00:00 0 
7f2700bae000-7f2700bf6000 rw-p 00000000 00:00 0 
7f2700bf6000-7f2700c9e000 rw-p 00000000 00:00 0 
7f2700c9e000-7f2701670000 rw-p 00000000 00:00 0 
7f2701670000-7f270167b000 rw-p 00000000 00:00 0 
7f270167b000-7f27016c3000 rw-p 00000000 00:00 0 
7f27016c3000-7f270176b000 rw-p 00000000 00:00 0 
7f270176b000-7f270213c000 rw-p 00000000 00:00 0 
7f270213c000-7f2702191000 rw-p 00000000 00:00 0 
7f2702191000-7f2702679000 rw-p 00000000 00:00 0 
7f2702679000-7f270267a000 rw-p 00000000 00:00 0 
7f270267a000-7f2702682000 r-xp 00000000 08:03 158007947                  /usr/lib/jvm/java-7-openjdk-amd64/jre/lib/amd64/libzip.so
7f2702682000-7f2702881000 ---p 00008000 08:03 158007947                  /usr/lib/jvm/java-7-openjdk-amd64/jre/lib/amd64/libzip.so
7f2702881000-7f2702882000 r--p 00007000 08:03 158007947                  /usr/lib/jvm/java-7-openjdk-amd64/jre/lib/amd64/libzip.so
7f2702882000-7f2702883000 rw-p 00008000 08:03 158007947                  /usr/lib/jvm/java-7-openjdk-amd64/jre/lib/amd64/libzip.so
7f2702883000-7f270288f000 r-xp 00000000 08:03 168690183                  /lib/x86_64-linux-gnu/libnss_files-2.15.so
7f270288f000-7f2702a8e000 ---p 0000c000 08:03 168690183                  /lib/x86_64-linux-gnu/libnss_files-2.15.so
7f2702a8e000-7f2702a8f000 r--p 0000b000 08:03 168690183                  /lib/x86_64-linux-gnu/libnss_files-2.15.so
7f2702a8f000-7f2702a90000 rw-p 0000c000 08:03 168690183                  /lib/x86_64-linux-gnu/libnss_files-2.15.so
7f2702a90000-7f2702a9a000 r-xp 00000000 08:03 168689726                  /lib/x86_64-linux-gnu/libnss_nis-2.15.so
7f2702a9a000-7f2702c9a000 ---p 0000a000 08:03 168689726                  /lib/x86_64-linux-gnu/libnss_nis-2.15.so
7f2702c9a000-7f2702c9b000 r--p 0000a000 08:03 168689726                  /lib/x86_64-linux-gnu/libnss_nis-2.15.so
7f2702c9b000-7f2702c9c000 rw-p 0000b000 08:03 168689726                  /lib/x86_64-linux-gnu/libnss_nis-2.15.so
7f2702c9c000-7f2702cb3000 r-xp 00000000 08:03 168691597                  /lib/x86_64-linux-gnu/libnsl-2.15.so
7f2702cb3000-7f2702eb2000 ---p 00017000 08:03 168691597                  /lib/x86_64-linux-gnu/libnsl-2.15.so
7f2702eb2000-7f2702eb3000 r--p 00016000 08:03 168691597                  /lib/x86_64-linux-gnu/libnsl-2.15.so
7f2702eb3000-7f2702eb4000 rw-p 00017000 08:03 168691597                  /lib/x86_64-linux-gnu/libnsl-2.15.so
7f2702eb4000-7f2702eb6000 rw-p 00000000 00:00 0 
7f2702eb6000-7f2702ebe000 r-xp 00000000 08:03 168691600                  /lib/x86_64-linux-gnu/libnss_compat-2.15.so
7f2702ebe000-7f27030bd000 ---p 00008000 08:03 168691600                  /lib/x86_64-linux-gnu/libnss_compat-2.15.so
7f27030bd000-7f27030be000 r--p 00007000 08:03 168691600                  /lib/x86_64-linux-gnu/libnss_compat-2.15.so
7f27030be000-7f27030bf000 rw-p 00008000 08:03 168691600                  /lib/x86_64-linux-gnu/libnss_compat-2.15.so
7f27030bf000-7f27030e8000 r-xp 00000000 08:03 158007955                  /usr/lib/jvm/java-7-openjdk-amd64/jre/lib/amd64/libjava.so
7f27030e8000-7f27032e7000 ---p 00029000 08:03 158007955                  /usr/lib/jvm/java-7-openjdk-amd64/jre/lib/amd64/libjava.so
7f27032e7000-7f27032e8000 r--p 00028000 08:03 158007955                  /usr/lib/jvm/java-7-openjdk-amd64/jre/lib/amd64/libjava.so
7f27032e8000-7f27032ea000 rw-p 00029000 08:03 158007955                  /usr/lib/jvm/java-7-openjdk-amd64/jre/lib/amd64/libjava.so
7f27032ea000-7f27032f8000 r-xp 00000000 08:03 158007969                  /usr/lib/jvm/java-7-openjdk-amd64/jre/lib/amd64/libverify.so
7f27032f8000-7f27034f7000 ---p 0000e000 08:03 158007969                  /usr/lib/jvm/java-7-openjdk-amd64/jre/lib/amd64/libverify.so
7f27034f7000-7f27034f9000 r--p 0000d000 08:03 158007969                  /usr/lib/jvm/java-7-openjdk-amd64/jre/lib/amd64/libverify.so
7f27034f9000-7f27034fa000 rw-p 0000f000 08:03 158007969                  /usr/lib/jvm/java-7-openjdk-amd64/jre/lib/amd64/libverify.so
7f27034fa000-7f2703501000 r-xp 00000000 08:03 168690188                  /lib/x86_64-linux-gnu/librt-2.15.so
7f2703501000-7f2703700000 ---p 00007000 08:03 168690188                  /lib/x86_64-linux-gnu/librt-2.15.so
7f2703700000-7f2703701000 r--p 00006000 08:03 168690188                  /lib/x86_64-linux-gnu/librt-2.15.so
7f2703701000-7f2703702000 rw-p 00007000 08:03 168690188                  /lib/x86_64-linux-gnu/librt-2.15.so
7f2703702000-7f2703717000 r-xp 00000000 08:03 168689790                  /lib/x86_64-linux-gnu/libgcc_s.so.1
7f2703717000-7f2703916000 ---p 00015000 08:03 168689790                  /lib/x86_64-linux-gnu/libgcc_s.so.1
7f2703916000-7f2703917000 r--p 00014000 08:03 168689790                  /lib/x86_64-linux-gnu/libgcc_s.so.1
7f2703917000-7f2703918000 rw-p 00015000 08:03 168689790                  /lib/x86_64-linux-gnu/libgcc_s.so.1
7f2703918000-7f2703a13000 r-xp 00000000 08:03 168690152                  /lib/x86_64-linux-gnu/libm-2.15.so
7f2703a13000-7f2703c12000 ---p 000fb000 08:03 168690152                  /lib/x86_64-linux-gnu/libm-2.15.so
7f2703c12000-7f2703c13000 r--p 000fa000 08:03 168690152                  /lib/x86_64-linux-gnu/libm-2.15.so
7f2703c13000-7f2703c14000 rw-p 000fb000 08:03 168690152                  /lib/x86_64-linux-gnu/libm-2.15.so
7f2703c14000-7f2703cf6000 r-xp 00000000 08:03 97846023                   /usr/lib/x86_64-linux-gnu/libstdc++.so.6.0.16
7f2703cf6000-7f2703ef5000 ---p 000e2000 08:03 97846023                   /usr/lib/x86_64-linux-gnu/libstdc++.so.6.0.16
7f2703ef5000-7f2703efd000 r--p 000e1000 08:03 97846023                   /usr/lib/x86_64-linux-gnu/libstdc++.so.6.0.16
7f2703efd000-7f2703eff000 rw-p 000e9000 08:03 97846023                   /usr/lib/x86_64-linux-gnu/libstdc++.so.6.0.16
7f2703eff000-7f2703f14000 rw-p 00000000 00:00 0 
7f2703f14000-7f2704a0c000 r-xp 00000000 08:03 158007961                  /usr/lib/jvm/java-7-openjdk-amd64/jre/lib/amd64/server/libjvm.so
7f2704a0c000-7f2704c0c000 ---p 00af8000 08:03 158007961                  /usr/lib/jvm/java-7-openjdk-amd64/jre/lib/amd64/server/libjvm.so
7f2704c0c000-7f2704cad000 r--p 00af8000 08:03 158007961                  /usr/lib/jvm/java-7-openjdk-amd64/jre/lib/amd64/server/libjvm.so
7f2704cad000-7f2704cd0000 rw-p 00b99000 08:03 158007961                  /usr/lib/jvm/java-7-openjdk-amd64/jre/lib/amd64/server/libjvm.so
7f2704cd0000-7f2704cfd000 rw-p 00000000 00:00 0 
7f2704cfd000-7f2704d13000 r-xp 00000000 08:03 168689964                  /lib/x86_64-linux-gnu/libz.so.1.2.3.4
7f2704d13000-7f2704f12000 ---p 00016000 08:03 168689964                  /lib/x86_64-linux-gnu/libz.so.1.2.3.4
7f2704f12000-7f2704f13000 r--p 00015000 08:03 168689964                  /lib/x86_64-linux-gnu/libz.so.1.2.3.4
7f2704f13000-7f2704f14000 rw-p 00016000 08:03 168689964                  /lib/x86_64-linux-gnu/libz.so.1.2.3.4
7f2704f14000-7f2704f2c000 r-xp 00000000 08:03 168690157                  /lib/x86_64-linux-gnu/libpthread-2.15.so
7f2704f2c000-7f270512b000 ---p 00018000 08:03 168690157                  /lib/x86_64-linux-gnu/libpthread-2.15.so
7f270512b000-7f270512c000 r--p 00017000 08:03 168690157                  /lib/x86_64-linux-gnu/libpthread-2.15.so
7f270512c000-7f270512d000 rw-p 00018000 08:03 168690157                  /lib/x86_64-linux-gnu/libpthread-2.15.so
7f270512d000-7f2705131000 rw-p 00000000 00:00 0 
7f2705131000-7f2705133000 r-xp 00000000 08:03 168691714                  /lib/x86_64-linux-gnu/libdl-2.15.so
7f2705133000-7f2705333000 ---p 00002000 08:03 168691714                  /lib/x86_64-linux-gnu/libdl-2.15.so
7f2705333000-7f2705334000 r--p 00002000 08:03 168691714                  /lib/x86_64-linux-gnu/libdl-2.15.so
7f2705334000-7f2705335000 rw-p 00003000 08:03 168691714                  /lib/x86_64-linux-gnu/libdl-2.15.so
7f2705335000-7f27054e9000 r-xp 00000000 08:03 168691548                  /lib/x86_64-linux-gnu/libc-2.15.so
7f27054e9000-7f27056e8000 ---p 001b4000 08:03 168691548                  /lib/x86_64-linux-gnu/libc-2.15.so
7f27056e8000-7f27056ec000 r--p 001b3000 08:03 168691548                  /lib/x86_64-linux-gnu/libc-2.15.so
7f27056ec000-7f27056ee000 rw-p 001b7000 08:03 168691548                  /lib/x86_64-linux-gnu/libc-2.15.so
7f27056ee000-7f27056f3000 rw-p 00000000 00:00 0 
7f27056f3000-7f2705700000 r-xp 00000000 08:03 158007970                  /usr/lib/jvm/java-7-openjdk-amd64/jre/lib/amd64/jli/libjli.so
7f2705700000-7f27058ff000 ---p 0000d000 08:03 158007970                  /usr/lib/jvm/java-7-openjdk-amd64/jre/lib/amd64/jli/libjli.so
7f27058ff000-7f2705900000 r--p 0000c000 08:03 158007970                  /usr/lib/jvm/java-7-openjdk-amd64/jre/lib/amd64/jli/libjli.so
7f2705900000-7f2705901000 rw-p 0000d000 08:03 158007970                  /usr/lib/jvm/java-7-openjdk-amd64/jre/lib/amd64/jli/libjli.so
7f2705901000-7f2705923000 r-xp 00000000 08:03 168690186                  /lib/x86_64-linux-gnu/ld-2.15.so
7f2705940000-7f270594a000 rw-p 00000000 00:00 0 
7f270594a000-7f2705a00000 rw-p 00000000 00:00 0 
7f2705a00000-7f2705a03000 ---p 00000000 00:00 0 
7f2705a03000-7f2705b06000 rw-p 00000000 00:00 0 
7f2705b16000-7f2705b17000 rw-p 00000000 00:00 0 
7f2705b17000-7f2705b1f000 rw-s 00000000 08:03 292421724                  /tmp/hsperfdata_skilevic/19386
7f2705b1f000-7f2705b20000 rw-p 00000000 00:00 0 
7f2705b20000-7f2705b21000 r--p 00000000 00:00 0 
7f2705b21000-7f2705b23000 rw-p 00000000 00:00 0 
7f2705b23000-7f2705b24000 r--p 00022000 08:03 168690186                  /lib/x86_64-linux-gnu/ld-2.15.so
7f2705b24000-7f2705b26000 rw-p 00023000 08:03 168690186                  /lib/x86_64-linux-gnu/ld-2.15.so
7ffec0134000-7ffec0155000 rw-p 00000000 00:00 0                          [stack]
7ffec019f000-7ffec01a0000 r-xp 00000000 00:00 0                          [vdso]
ffffffffff600000-ffffffffff601000 r-xp 00000000 00:00 0                  [vsyscall]

VM Arguments:
java_command: ../S2RDF_QueryTranslator/queryTranslator.jar -i sparql//Q3-3__VP_SO-OS-SS-VP.in -o sql_010/Q3-3--VP__yago -sd statistics/yago/ -sUB 1
Launcher Type: SUN_STANDARD

Environment Variables:
PATH=/usr/local/sbin:/usr/local/bin:/usr/sbin:/usr/bin:/sbin:/bin:/usr/games
SHELL=/bin/bash
DISPLAY=:1

Signal Handlers:
SIGSEGV: [libjvm.so+0x92dad0], sa_mask[0]=0x7ffbfeff, sa_flags=0x10000004
SIGBUS: [libjvm.so+0x92dad0], sa_mask[0]=0x7ffbfeff, sa_flags=0x10000004
SIGFPE: [libjvm.so+0x7acbf0], sa_mask[0]=0x7ffbfeff, sa_flags=0x10000004
SIGPIPE: [libjvm.so+0x7acbf0], sa_mask[0]=0x7ffbfeff, sa_flags=0x10000004
SIGXFSZ: [libjvm.so+0x7acbf0], sa_mask[0]=0x7ffbfeff, sa_flags=0x10000004
SIGILL: [libjvm.so+0x7acbf0], sa_mask[0]=0x7ffbfeff, sa_flags=0x10000004
SIGUSR1: SIG_DFL, sa_mask[0]=0x00000000, sa_flags=0x00000000
SIGUSR2: [libjvm.so+0x7acf50], sa_mask[0]=0x00000000, sa_flags=0x10000004
SIGHUP: [libjvm.so+0x7ad0c0], sa_mask[0]=0x7ffbfeff, sa_flags=0x10000004
SIGINT: [libjvm.so+0x7ad0c0], sa_mask[0]=0x7ffbfeff, sa_flags=0x10000004
SIGTERM: [libjvm.so+0x7ad0c0], sa_mask[0]=0x7ffbfeff, sa_flags=0x10000004
SIGQUIT: [libjvm.so+0x7ad0c0], sa_mask[0]=0x7ffbfeff, sa_flags=0x10000004
SIGTRAP: SIG_DFL, sa_mask[0]=0x00000000, sa_flags=0x00000000


---------------  S Y S T E M  ---------------

OS:Ubuntu 12.04 (precise)
uname:Linux 3.2.0-94-generic #134-Ubuntu SMP Fri Nov 6 18:16:45 UTC 2015 x86_64
libc:glibc 2.15 NPTL 2.15 
rlimit: STACK 8192k, CORE 0k, NPROC 257206, NOFILE 4096, AS infinity
load average:1,22 0,49 0,26

/proc/meminfo:
MemTotal:       32940392 kB
MemFree:          945120 kB
Buffers:          946948 kB
Cached:         25340624 kB
SwapCached:            0 kB
Active:         17203060 kB
Inactive:       13420780 kB
Active(anon):    4071156 kB
Inactive(anon):   282624 kB
Active(file):   13131904 kB
Inactive(file): 13138156 kB
Unevictable:          48 kB
Mlocked:              48 kB
SwapTotal:      35156244 kB
SwapFree:       35156244 kB
Dirty:              6316 kB
Writeback:             4 kB
AnonPages:       4336352 kB
Mapped:           271032 kB
Shmem:             17420 kB
Slab:             925092 kB
SReclaimable:     847376 kB
SUnreclaim:        77716 kB
KernelStack:        6040 kB
PageTables:        52456 kB
NFS_Unstable:          0 kB
Bounce:                0 kB
WritebackTmp:          0 kB
CommitLimit:    51626440 kB
Committed_AS:   10801368 kB
VmallocTotal:   34359738367 kB
VmallocUsed:      155580 kB
VmallocChunk:   34359575348 kB
HardwareCorrupted:     0 kB
AnonHugePages:         0 kB
HugePages_Total:       0
HugePages_Free:        0
HugePages_Rsvd:        0
HugePages_Surp:        0
Hugepagesize:       2048 kB
DirectMap4k:       73700 kB
DirectMap2M:     3069952 kB
DirectMap1G:    30408704 kB


CPU:total 8 (4 cores per cpu, 2 threads per core) family 6 model 44 stepping 2, cmov, cx8, fxsr, mmx, sse, sse2, sse3, ssse3, sse4.1, sse4.2, popcnt, aes, ht, tsc, tscinvbit, tscinv

/proc/cpuinfo:
processor	: 0
vendor_id	: GenuineIntel
cpu family	: 6
model		: 44
model name	: Intel(R) Xeon(R) CPU           X5667  @ 3.07GHz
stepping	: 2
microcode	: 0x10
cpu MHz		: 3059.189
cache size	: 12288 KB
physical id	: 0
siblings	: 8
core id		: 0
cpu cores	: 4
apicid		: 0
initial apicid	: 0
fpu		: yes
fpu_exception	: yes
cpuid level	: 11
wp		: yes
flags		: fpu vme de pse tsc msr pae mce cx8 apic sep mtrr pge mca cmov pat pse36 clflush dts acpi mmx fxsr sse sse2 ss ht tm pbe syscall nx pdpe1gb rdtscp lm constant_tsc arch_perfmon pebs bts rep_good nopl xtopology nonstop_tsc aperfmperf pni pclmulqdq dtes64 monitor ds_cpl vmx smx est tm2 ssse3 cx16 xtpr pdcm pcid dca sse4_1 sse4_2 popcnt aes lahf_lm ida arat epb dtherm tpr_shadow vnmi flexpriority ept vpid
bogomips	: 6118.37
clflush size	: 64
cache_alignment	: 64
address sizes	: 40 bits physical, 48 bits virtual
power management:

processor	: 1
vendor_id	: GenuineIntel
cpu family	: 6
model		: 44
model name	: Intel(R) Xeon(R) CPU           X5667  @ 3.07GHz
stepping	: 2
microcode	: 0x10
cpu MHz		: 3059.189
cache size	: 12288 KB
physical id	: 0
siblings	: 8
core id		: 1
cpu cores	: 4
apicid		: 2
initial apicid	: 2
fpu		: yes
fpu_exception	: yes
cpuid level	: 11
wp		: yes
flags		: fpu vme de pse tsc msr pae mce cx8 apic sep mtrr pge mca cmov pat pse36 clflush dts acpi mmx fxsr sse sse2 ss ht tm pbe syscall nx pdpe1gb rdtscp lm constant_tsc arch_perfmon pebs bts rep_good nopl xtopology nonstop_tsc aperfmperf pni pclmulqdq dtes64 monitor ds_cpl vmx smx est tm2 ssse3 cx16 xtpr pdcm pcid dca sse4_1 sse4_2 popcnt aes lahf_lm ida arat epb dtherm tpr_shadow vnmi flexpriority ept vpid
bogomips	: 6117.85
clflush size	: 64
cache_alignment	: 64
address sizes	: 40 bits physical, 48 bits virtual
power management:

processor	: 2
vendor_id	: GenuineIntel
cpu family	: 6
model		: 44
model name	: Intel(R) Xeon(R) CPU           X5667  @ 3.07GHz
stepping	: 2
microcode	: 0x10
cpu MHz		: 3059.189
cache size	: 12288 KB
physical id	: 0
siblings	: 8
core id		: 9
cpu cores	: 4
apicid		: 18
initial apicid	: 18
fpu		: yes
fpu_exception	: yes
cpuid level	: 11
wp		: yes
flags		: fpu vme de pse tsc msr pae mce cx8 apic sep mtrr pge mca cmov pat pse36 clflush dts acpi mmx fxsr sse sse2 ss ht tm pbe syscall nx pdpe1gb rdtscp lm constant_tsc arch_perfmon pebs bts rep_good nopl xtopology nonstop_tsc aperfmperf pni pclmulqdq dtes64 monitor ds_cpl vmx smx est tm2 ssse3 cx16 xtpr pdcm pcid dca sse4_1 sse4_2 popcnt aes lahf_lm ida arat epb dtherm tpr_shadow vnmi flexpriority ept vpid
bogomips	: 6117.86
clflush size	: 64
cache_alignment	: 64
address sizes	: 40 bits physical, 48 bits virtual
power management:

processor	: 3
vendor_id	: GenuineIntel
cpu family	: 6
model		: 44
model name	: Intel(R) Xeon(R) CPU           X5667  @ 3.07GHz
stepping	: 2
microcode	: 0x10
cpu MHz		: 3059.189
cache size	: 12288 KB
physical id	: 0
siblings	: 8
core id		: 10
cpu cores	: 4
apicid		: 20
initial apicid	: 20
fpu		: yes
fpu_exception	: yes
cpuid level	: 11
wp		: yes
flags		: fpu vme de pse tsc msr pae mce cx8 apic sep mtrr pge mca cmov pat pse36 clflush dts acpi mmx fxsr sse sse2 ss ht tm pbe syscall nx pdpe1gb rdtscp lm constant_tsc arch_perfmon pebs bts rep_good nopl xtopology nonstop_tsc aperfmperf pni pclmulqdq dtes64 monitor ds_cpl vmx smx est tm2 ssse3 cx16 xtpr pdcm pcid dca sse4_1 sse4_2 popcnt aes lahf_lm ida arat epb dtherm tpr_shadow vnmi flexpriority ept vpid
bogomips	: 6117.85
clflush size	: 64
cache_alignment	: 64
address sizes	: 40 bits physical, 48 bits virtual
power management:

processor	: 4
vendor_id	: GenuineIntel
cpu family	: 6
model		: 44
model name	: Intel(R) Xeon(R) CPU           X5667  @ 3.07GHz
stepping	: 2
microcode	: 0x10
cpu MHz		: 3059.189
cache size	: 12288 KB
physical id	: 0
siblings	: 8
core id		: 0
cpu cores	: 4
apicid		: 1
initial apicid	: 1
fpu		: yes
fpu_exception	: yes
cpuid level	: 11
wp		: yes
flags		: fpu vme de pse tsc msr pae mce cx8 apic sep mtrr pge mca cmov pat pse36 clflush dts acpi mmx fxsr sse sse2 ss ht tm pbe syscall nx pdpe1gb rdtscp lm constant_tsc arch_perfmon pebs bts rep_good nopl xtopology nonstop_tsc aperfmperf pni pclmulqdq dtes64 monitor ds_cpl vmx smx est tm2 ssse3 cx16 xtpr pdcm pcid dca sse4_1 sse4_2 popcnt aes lahf_lm ida arat epb dtherm tpr_shadow vnmi flexpriority ept vpid
bogomips	: 6117.85
clflush size	: 64
cache_alignment	: 64
address sizes	: 40 bits physical, 48 bits virtual
power management:

processor	: 5
vendor_id	: GenuineIntel
cpu family	: 6
model		: 44
model name	: Intel(R) Xeon(R) CPU           X5667  @ 3.07GHz
stepping	: 2
microcode	: 0x10
cpu MHz		: 3059.189
cache size	: 12288 KB
physical id	: 0
siblings	: 8
core id		: 1
cpu cores	: 4
apicid		: 3
initial apicid	: 3
fpu		: yes
fpu_exception	: yes
cpuid level	: 11
wp		: yes
flags		: fpu vme de pse tsc msr pae mce cx8 apic sep mtrr pge mca cmov pat pse36 clflush dts acpi mmx fxsr sse sse2 ss ht tm pbe syscall nx pdpe1gb rdtscp lm constant_tsc arch_perfmon pebs bts rep_good nopl xtopology nonstop_tsc aperfmperf pni pclmulqdq dtes64 monitor ds_cpl vmx smx est tm2 ssse3 cx16 xtpr pdcm pcid dca sse4_1 sse4_2 popcnt aes lahf_lm ida arat epb dtherm tpr_shadow vnmi flexpriority ept vpid
bogomips	: 6117.86
clflush size	: 64
cache_alignment	: 64
address sizes	: 40 bits physical, 48 bits virtual
power management:

processor	: 6
vendor_id	: GenuineIntel
cpu family	: 6
model		: 44
model name	: Intel(R) Xeon(R) CPU           X5667  @ 3.07GHz
stepping	: 2
microcode	: 0x10
cpu MHz		: 3059.189
cache size	: 12288 KB
physical id	: 0
siblings	: 8
core id		: 9
cpu cores	: 4
apicid		: 19
initial apicid	: 19
fpu		: yes
fpu_exception	: yes
cpuid level	: 11
wp		: yes
flags		: fpu vme de pse tsc msr pae mce cx8 apic sep mtrr pge mca cmov pat pse36 clflush dts acpi mmx fxsr sse sse2 ss ht tm pbe syscall nx pdpe1gb rdtscp lm constant_tsc arch_perfmon pebs bts rep_good nopl xtopology nonstop_tsc aperfmperf pni pclmulqdq dtes64 monitor ds_cpl vmx smx est tm2 ssse3 cx16 xtpr pdcm pcid dca sse4_1 sse4_2 popcnt aes lahf_lm ida arat epb dtherm tpr_shadow vnmi flexpriority ept vpid
bogomips	: 6117.86
clflush size	: 64
cache_alignment	: 64
address sizes	: 40 bits physical, 48 bits virtual
power management:

processor	: 7
vendor_id	: GenuineIntel
cpu family	: 6
model		: 44
model name	: Intel(R) Xeon(R) CPU           X5667  @ 3.07GHz
stepping	: 2
microcode	: 0x10
cpu MHz		: 3059.189
cache size	: 12288 KB
physical id	: 0
siblings	: 8
core id		: 10
cpu cores	: 4
apicid		: 21
initial apicid	: 21
fpu		: yes
fpu_exception	: yes
cpuid level	: 11
wp		: yes
flags		: fpu vme de pse tsc msr pae mce cx8 apic sep mtrr pge mca cmov pat pse36 clflush dts acpi mmx fxsr sse sse2 ss ht tm pbe syscall nx pdpe1gb rdtscp lm constant_tsc arch_perfmon pebs bts rep_good nopl xtopology nonstop_tsc aperfmperf pni pclmulqdq dtes64 monitor ds_cpl vmx smx est tm2 ssse3 cx16 xtpr pdcm pcid dca sse4_1 sse4_2 popcnt aes lahf_lm ida arat epb dtherm tpr_shadow vnmi flexpriority ept vpid
bogomips	: 6117.85
clflush size	: 64
cache_alignment	: 64
address sizes	: 40 bits physical, 48 bits virtual
power management:



Memory: 4k page, physical 32940392k(945120k free), swap 35156244k(35156244k free)

vm_info: OpenJDK 64-Bit Server VM (24.85-b03) for linux-amd64 JRE (1.7.0_85-b01), built on Oct 22 2015 09:48:47 by "buildd" with gcc 4.6.3

time: Fri Mar  4 18:20:18 2016
elapsed time: 0 seconds

