SPARQL Input Query:
###################
PREFIX  wsdbm: <http://db.uwaterloo.ca/~galuc/wsdbm/>
PREFIX  mo:   <http://purl.org/ontology/mo/>
PREFIX  rev:  <http://purl.org/stuff/rev#>
PREFIX  sorg: <http://schema.org/>
PREFIX  rdf:  <http://www.w3.org/1999/02/22-rdf-syntax-ns#>
PREFIX  gn:   <http://www.geonames.org/ontology#>
PREFIX  og:   <http://ogp.me/ns#>
PREFIX  gr:   <http://purl.org/goodrelations/>

SELECT  ?v0 ?v4 ?v6 ?v7
WHERE
  { ?v0 sorg:caption ?v1 .
    ?v0 sorg:text ?v2 .
    ?v0 sorg:contentRating ?v3 .
    ?v0 rev:hasReview ?v4 .
    ?v4 rev:title ?v5 .
    ?v4 rev:reviewer ?v6 .
    ?v7 sorg:actor ?v6 .
    ?v7 sorg:language ?v8
  }


Algebra Tree of Query:
######################
(prefix ((wsdbm: <http://db.uwaterloo.ca/~galuc/wsdbm/>)
         (mo: <http://purl.org/ontology/mo/>)
         (rev: <http://purl.org/stuff/rev#>)
         (sorg: <http://schema.org/>)
         (rdf: <http://www.w3.org/1999/02/22-rdf-syntax-ns#>)
         (gn: <http://www.geonames.org/ontology#>)
         (og: <http://ogp.me/ns#>)
         (gr: <http://purl.org/goodrelations/>))
  (project (?v0 ?v4 ?v6 ?v7)
    (bgp
      (triple ?v0 sorg:caption ?v1)
      (triple ?v0 sorg:text ?v2)
      (triple ?v0 sorg:contentRating ?v3)
      (triple ?v0 rev:hasReview ?v4)
      (triple ?v4 rev:title ?v5)
      (triple ?v4 rev:reviewer ?v6)
      (triple ?v7 sorg:actor ?v6)
      (triple ?v7 sorg:language ?v8)
    )))


SqlOp Tree:
###########
PROJECTION (
  tab
)
